TN:
SF:src/app.controller.ts
FN:6,(anonymous_2)
FN:9,(anonymous_3)
FNF:2
FNH:2
FNDA:1,(anonymous_2)
FNDA:1,(anonymous_3)
DA:1,1
DA:2,1
DA:5,1
DA:6,1
DA:9,1
DA:10,1
LF:6
LH:6
BRF:0
BRH:0
end_of_record
TN:
SF:src/app.service.ts
FN:5,(anonymous_1)
FNF:1
FNH:1
FNDA:1,(anonymous_1)
DA:1,1
DA:4,1
DA:6,1
LF:3
LH:3
BRF:0
BRH:0
end_of_record
TN:
SF:src/auth/auth.resolver.ts
FN:10,(anonymous_11)
FN:13,(anonymous_12)
FN:22,(anonymous_14)
FN:12,(anonymous_16)
FN:21,(anonymous_17)
FN:8,(anonymous_18)
FNF:6
FNH:2
FNDA:1,(anonymous_11)
FNDA:0,(anonymous_12)
FNDA:0,(anonymous_14)
FNDA:0,(anonymous_16)
FNDA:0,(anonymous_17)
FNDA:2,(anonymous_18)
DA:1,1
DA:2,1
DA:3,1
DA:4,1
DA:5,1
DA:6,1
DA:8,2
DA:9,1
DA:10,1
DA:12,0
DA:13,1
DA:14,0
DA:15,0
DA:17,0
DA:18,0
DA:21,0
DA:22,1
DA:23,0
DA:24,0
DA:25,0
DA:26,0
DA:29,0
DA:31,0
LF:23
LH:11
BRDA:15,0,0,0
BRDA:15,0,1,0
BRDA:25,1,0,0
BRDA:25,1,1,0
BRF:4
BRH:0
end_of_record
TN:
SF:src/auth/auth.service.ts
FN:11,(anonymous_9)
FN:14,(anonymous_10)
FN:28,(anonymous_12)
FN:52,(anonymous_13)
FN:56,(anonymous_15)
FNF:5
FNH:1
FNDA:2,(anonymous_9)
FNDA:0,(anonymous_10)
FNDA:0,(anonymous_12)
FNDA:0,(anonymous_13)
FNDA:0,(anonymous_15)
DA:1,2
DA:2,2
DA:5,2
DA:7,2
DA:10,2
DA:11,2
DA:12,2
DA:15,0
DA:19,0
DA:20,0
DA:23,0
DA:25,0
DA:30,0
DA:34,0
DA:46,0
DA:53,0
DA:57,0
DA:59,0
DA:60,0
DA:61,0
DA:64,0
LF:21
LH:7
BRDA:59,0,0,0
BRDA:59,0,1,0
BRDA:59,1,0,0
BRDA:59,1,1,0
BRF:4
BRH:0
end_of_record
TN:
SF:src/auth/decorators/currentUser.decorator.ts
FN:5,(anonymous_0)
FNF:1
FNH:0
FNDA:0,(anonymous_0)
DA:1,3
DA:4,3
DA:12,0
DA:13,0
LF:4
LH:2
BRF:0
BRH:0
end_of_record
TN:
SF:src/auth/decorators/gqlAuthGuard.decorator.ts
FN:8,(anonymous_1)
FNF:1
FNH:0
FNDA:0,(anonymous_1)
DA:1,3
DA:2,3
DA:3,3
DA:4,3
DA:7,3
DA:9,0
DA:10,0
DA:11,0
LF:8
LH:5
BRF:0
BRH:0
end_of_record
TN:
SF:src/auth/dto/authStatus.dto.ts
FN:12,(anonymous_2)
FNF:1
FNH:0
FNDA:0,(anonymous_2)
DA:1,1
DA:2,1
DA:5,1
DA:7,1
DA:10,1
DA:12,0
DA:13,1
LF:7
LH:6
BRF:0
BRH:0
end_of_record
TN:
SF:src/auth/dto/loginUser.dto.ts
FNF:0
FNH:0
DA:1,1
DA:5,1
DA:7,1
DA:10,1
LF:4
LH:4
BRF:0
BRH:0
end_of_record
TN:
SF:src/auth/dto/token.dto.ts
FNF:0
FNH:0
DA:1,1
DA:4,1
DA:6,1
DA:9,1
LF:4
LH:4
BRF:0
BRH:0
end_of_record
TN:
SF:src/list/list.resolver.ts
FN:15,(anonymous_11)
FN:19,(anonymous_12)
FN:32,(anonymous_14)
FN:41,(anonymous_15)
FN:52,(anonymous_17)
FN:18,(anonymous_18)
FN:31,(anonymous_19)
FN:40,(anonymous_20)
FN:51,(anonymous_21)
FN:54,(anonymous_22)
FN:13,(anonymous_23)
FNF:11
FNH:2
FNDA:1,(anonymous_11)
FNDA:0,(anonymous_12)
FNDA:0,(anonymous_14)
FNDA:0,(anonymous_15)
FNDA:0,(anonymous_17)
FNDA:0,(anonymous_18)
FNDA:0,(anonymous_19)
FNDA:0,(anonymous_20)
FNDA:0,(anonymous_21)
FNDA:0,(anonymous_22)
FNDA:2,(anonymous_23)
DA:1,1
DA:2,1
DA:3,1
DA:4,1
DA:6,1
DA:7,1
DA:8,1
DA:9,1
DA:10,1
DA:11,1
DA:13,2
DA:14,1
DA:15,1
DA:18,0
DA:19,1
DA:23,0
DA:24,0
DA:25,0
DA:27,0
DA:31,0
DA:32,1
DA:36,0
DA:40,0
DA:41,1
DA:45,0
DA:47,0
DA:51,0
DA:52,1
DA:54,0
DA:56,0
LF:30
LH:17
BRDA:24,0,0,0
BRDA:24,0,1,0
BRF:2
BRH:0
end_of_record
TN:
SF:src/list/list.service.ts
FN:12,(anonymous_9)
FN:14,(anonymous_10)
FN:18,(anonymous_12)
FN:46,(anonymous_14)
FN:71,(anonymous_16)
FNF:5
FNH:1
FNDA:2,(anonymous_9)
FNDA:0,(anonymous_10)
FNDA:0,(anonymous_12)
FNDA:0,(anonymous_14)
FNDA:0,(anonymous_16)
DA:1,2
DA:2,2
DA:6,2
DA:11,2
DA:12,2
DA:15,0
DA:19,0
DA:20,0
DA:24,0
DA:25,0
DA:27,0
DA:40,0
DA:51,0
DA:60,0
DA:66,0
DA:72,0
DA:76,0
LF:17
LH:5
BRDA:24,0,0,0
BRDA:24,0,1,0
BRDA:52,1,0,0
BRDA:52,1,1,0
BRF:4
BRH:0
end_of_record
TN:
SF:src/list/dto/createList.dto.ts
FNF:0
FNH:0
DA:1,1
DA:4,1
DA:6,1
LF:3
LH:3
BRF:0
BRH:0
end_of_record
TN:
SF:src/list/dto/findLists.dto.ts
FN:6,(anonymous_2)
FN:7,(anonymous_3)
FN:11,(anonymous_4)
FN:16,(anonymous_5)
FN:20,(anonymous_6)
FNF:5
FNH:0
FNDA:0,(anonymous_2)
FNDA:0,(anonymous_3)
FNDA:0,(anonymous_4)
FNDA:0,(anonymous_5)
FNDA:0,(anonymous_6)
DA:1,1
DA:2,1
DA:6,1
DA:7,0
DA:9,1
DA:11,0
DA:14,1
DA:16,0
DA:18,1
DA:20,0
DA:21,1
DA:24,1
LF:12
LH:8
BRF:0
BRH:0
end_of_record
TN:
SF:src/list/dto/upsertList.dto.ts
FN:7,(anonymous_2)
FNF:1
FNH:0
FNDA:0,(anonymous_2)
DA:1,1
DA:2,1
DA:3,1
DA:6,1
DA:7,0
DA:9,1
DA:12,1
LF:7
LH:6
BRF:0
BRH:0
end_of_record
TN:
SF:src/list/entities/list.entity.ts
FN:19,(anonymous_2)
FN:40,(anonymous_3)
FN:42,(anonymous_4)
FN:43,(anonymous_5)
FN:48,(anonymous_6)
FN:50,(anonymous_7)
FN:51,(anonymous_8)
FNF:7
FNH:0
FNDA:0,(anonymous_2)
FNDA:0,(anonymous_3)
FNDA:0,(anonymous_4)
FNDA:0,(anonymous_5)
FNDA:0,(anonymous_6)
FNDA:0,(anonymous_7)
FNDA:0,(anonymous_8)
DA:1,8
DA:2,8
DA:13,8
DA:14,8
DA:18,8
DA:19,0
DA:22,8
DA:26,8
DA:30,8
DA:34,8
DA:38,8
DA:40,0
DA:42,0
DA:43,0
DA:46,8
DA:48,0
DA:50,0
DA:51,0
DA:53,8
LF:19
LH:12
BRF:0
BRH:0
end_of_record
TN:
SF:src/list/entities/listLists.entity.ts
FN:7,(anonymous_2)
FN:10,(anonymous_3)
FNF:2
FNH:0
FNDA:0,(anonymous_2)
FNDA:0,(anonymous_3)
DA:1,1
DA:3,1
DA:6,1
DA:7,0
DA:8,1
DA:10,0
DA:11,1
LF:7
LH:5
BRF:0
BRH:0
end_of_record
TN:
SF:src/list/repositories/list.repository.ts
FNF:0
FNH:0
DA:1,4
DA:2,4
DA:3,4
DA:6,4
LF:4
LH:4
BRF:0
BRH:0
end_of_record
TN:
SF:src/todo/todo.resolver.ts
FN:15,(anonymous_11)
FN:19,(anonymous_12)
FN:32,(anonymous_14)
FN:41,(anonymous_15)
FN:18,(anonymous_17)
FN:31,(anonymous_18)
FN:40,(anonymous_19)
FN:13,(anonymous_20)
FNF:8
FNH:2
FNDA:1,(anonymous_11)
FNDA:0,(anonymous_12)
FNDA:0,(anonymous_14)
FNDA:0,(anonymous_15)
FNDA:0,(anonymous_17)
FNDA:0,(anonymous_18)
FNDA:0,(anonymous_19)
FNDA:2,(anonymous_20)
DA:1,1
DA:2,1
DA:3,1
DA:5,1
DA:6,1
DA:7,1
DA:8,1
DA:9,1
DA:10,1
DA:11,1
DA:13,2
DA:14,1
DA:15,1
DA:18,0
DA:19,1
DA:23,0
DA:24,0
DA:25,0
DA:27,0
DA:31,0
DA:32,1
DA:36,0
DA:40,0
DA:41,1
DA:45,0
DA:47,0
LF:26
LH:16
BRDA:24,0,0,0
BRDA:24,0,1,0
BRF:2
BRH:0
end_of_record
TN:
SF:src/todo/todo.service.ts
FN:14,(anonymous_10)
FN:19,(anonymous_11)
FN:26,(anonymous_13)
FN:61,(anonymous_15)
FNF:4
FNH:1
FNDA:2,(anonymous_10)
FNDA:0,(anonymous_11)
FNDA:0,(anonymous_13)
FNDA:0,(anonymous_15)
DA:1,2
DA:2,2
DA:4,2
DA:5,2
DA:13,2
DA:15,2
DA:16,2
DA:20,0
DA:31,0
DA:33,0
DA:41,0
DA:43,0
DA:44,0
DA:48,0
DA:51,0
DA:56,0
DA:65,0
DA:67,0
DA:71,0
DA:72,0
DA:73,0
DA:74,0
DA:79,0
DA:90,0
LF:24
LH:7
BRDA:34,0,0,0
BRDA:34,0,1,0
BRDA:41,1,0,0
BRDA:41,1,1,0
BRDA:41,2,0,0
BRDA:41,2,1,0
BRDA:43,3,0,0
BRDA:43,3,1,0
BRDA:71,4,0,0
BRDA:71,4,1,0
BRDA:72,5,0,0
BRDA:72,5,1,0
BRF:12
BRH:0
end_of_record
TN:
SF:src/todo/dto/createTodo.dto.ts
FN:8,(anonymous_2)
FNF:1
FNH:0
FNDA:0,(anonymous_2)
DA:1,1
DA:4,1
DA:6,1
DA:8,0
DA:9,1
DA:12,1
LF:6
LH:5
BRF:0
BRH:0
end_of_record
TN:
SF:src/todo/dto/findTodos.dto.ts
FN:6,(anonymous_2)
FN:7,(anonymous_3)
FN:11,(anonymous_4)
FN:16,(anonymous_5)
FN:20,(anonymous_6)
FN:23,(anonymous_7)
FNF:6
FNH:0
FNDA:0,(anonymous_2)
FNDA:0,(anonymous_3)
FNDA:0,(anonymous_4)
FNDA:0,(anonymous_5)
FNDA:0,(anonymous_6)
FNDA:0,(anonymous_7)
DA:1,1
DA:2,1
DA:6,1
DA:7,0
DA:9,1
DA:11,0
DA:14,1
DA:16,0
DA:18,1
DA:20,0
DA:21,1
DA:23,0
DA:24,1
DA:27,1
LF:14
LH:9
BRF:0
BRH:0
end_of_record
TN:
SF:src/todo/dto/upsertTodo.dto.ts
FN:7,(anonymous_2)
FNF:1
FNH:0
FNDA:0,(anonymous_2)
DA:1,1
DA:2,1
DA:3,1
DA:6,1
DA:7,0
DA:9,1
DA:12,1
LF:7
LH:6
BRF:0
BRH:0
end_of_record
TN:
SF:src/todo/entities/listTodos.entity.ts
FN:7,(anonymous_2)
FN:10,(anonymous_3)
FNF:2
FNH:0
FNDA:0,(anonymous_2)
FNDA:0,(anonymous_3)
DA:1,1
DA:3,1
DA:6,1
DA:7,0
DA:8,1
DA:10,0
DA:11,1
LF:7
LH:5
BRF:0
BRH:0
end_of_record
TN:
SF:src/todo/entities/todo.entity.ts
FN:17,(anonymous_2)
FN:38,(anonymous_3)
FN:40,(anonymous_4)
FN:41,(anonymous_5)
FNF:4
FNH:0
FNDA:0,(anonymous_2)
FNDA:0,(anonymous_3)
FNDA:0,(anonymous_4)
FNDA:0,(anonymous_5)
DA:1,8
DA:2,8
DA:12,8
DA:16,8
DA:17,0
DA:20,8
DA:24,8
DA:28,8
DA:32,8
DA:36,8
DA:38,0
DA:40,0
DA:41,0
DA:43,8
LF:14
LH:10
BRF:0
BRH:0
end_of_record
TN:
SF:src/todo/repositories/todo.repository.ts
FNF:0
FNH:0
DA:1,2
DA:2,2
DA:3,2
DA:6,2
LF:4
LH:4
BRF:0
BRH:0
end_of_record
TN:
SF:src/user/user.resolver.ts
FN:11,(anonymous_11)
FN:15,(anonymous_12)
FN:14,(anonymous_14)
FN:9,(anonymous_15)
FNF:4
FNH:2
FNDA:1,(anonymous_11)
FNDA:0,(anonymous_12)
FNDA:0,(anonymous_14)
FNDA:2,(anonymous_15)
DA:1,1
DA:2,1
DA:3,1
DA:4,1
DA:5,1
DA:6,1
DA:9,2
DA:10,1
DA:11,1
DA:14,0
DA:15,1
DA:16,0
DA:17,0
DA:18,0
DA:20,0
LF:15
LH:10
BRDA:17,0,0,0
BRDA:17,0,1,0
BRF:2
BRH:0
end_of_record
TN:
SF:src/user/user.service.ts
FN:9,(anonymous_9)
FN:11,(anonymous_10)
FN:15,(anonymous_12)
FN:19,(anonymous_14)
FN:23,(anonymous_16)
FNF:5
FNH:1
FNDA:4,(anonymous_9)
FNDA:0,(anonymous_10)
FNDA:0,(anonymous_12)
FNDA:0,(anonymous_14)
FNDA:0,(anonymous_16)
DA:1,4
DA:4,4
DA:5,4
DA:8,4
DA:9,4
DA:12,0
DA:16,0
DA:20,0
DA:24,0
DA:26,0
DA:31,0
LF:11
LH:5
BRF:0
BRH:0
end_of_record
TN:
SF:src/user/dto/createUser.dto.ts
FNF:0
FNH:0
DA:1,1
DA:5,1
DA:7,1
DA:10,1
DA:13,1
DA:16,1
LF:6
LH:6
BRF:0
BRH:0
end_of_record
TN:
SF:src/user/entities/user.entity.ts
FN:19,(anonymous_2)
FN:47,(anonymous_3)
FN:49,(anonymous_4)
FN:50,(anonymous_5)
FNF:4
FNH:0
FNDA:0,(anonymous_2)
FNDA:0,(anonymous_3)
FNDA:0,(anonymous_4)
FNDA:0,(anonymous_5)
DA:1,8
DA:2,8
DA:13,8
DA:18,8
DA:19,0
DA:22,8
DA:26,8
DA:30,8
DA:34,8
DA:37,8
DA:41,8
DA:45,8
DA:47,0
DA:49,0
DA:50,0
DA:53,8
LF:16
LH:12
BRF:0
BRH:0
end_of_record
TN:
SF:src/user/repositories/user.repository.ts
FNF:0
FNH:0
DA:1,4
DA:2,4
DA:3,4
DA:6,4
LF:4
LH:4
BRF:0
BRH:0
end_of_record
